<?xml version="1.0" encoding="UTF-8"?>
<!-- Generated by org.testng.reporters.JUnitXMLReporter -->
<testsuite hostname="vidya-PC" ignored="0" name="Simple user login" tests="7" failures="2" timestamp="31 Dec 2018 09:12:52 GMT" time="70.76" errors="0">
  <testcase name="simple_Login_With_BothValid_Credential" time="38.398" classname="org.loginradius.com.classes.tests.SimpleLogin">
    <failure type="org.openqa.selenium.TimeoutException" message="Expected condition failed: waiting for visibility of Proxy element for: DefaultElementLocator &amp;apos;By.id: loginradius-updatePhone-phoneNo2FA&amp;apos; (tried for 30 second(s) with 500 milliseconds interval)">
      <![CDATA[org.openqa.selenium.TimeoutException: Expected condition failed: waiting for visibility of Proxy element for: DefaultElementLocator 'By.id: loginradius-updatePhone-phoneNo2FA' (tried for 30 second(s) with 500 milliseconds interval)
at org.openqa.selenium.support.ui.WebDriverWait.timeoutException(WebDriverWait.java:81)
at org.openqa.selenium.support.ui.FluentWait.until(FluentWait.java:271)
at org.loginradius.com.commons.utils.Config.waitForElement(Config.java:66)
at org.loginradius.com.classes.tests.SimpleLogin.simple_Login_With_BothValid_Credential(SimpleLogin.java:35)
Caused by: org.openqa.selenium.NoSuchElementException: no such element: Unable to locate element: {"method":"id","selector":"loginradius-updatePhone-phoneNo2FA"}
  (Session info: chrome=71.0.3578.98)
  (Driver info: chromedriver=2.45.615291 (ec3682e3c9061c10f26ea9e5cdcf3c53f3f74387),platform=Windows NT 6.1.7600 x86_64) (WARNING: The server did not provide any stacktrace information)
Command duration or timeout: 0 milliseconds
For documentation on this error, please visit: http://seleniumhq.org/exceptions/no_such_element.html
Build info: version: '3.11.0', revision: 'e59cfb3', time: '2018-03-11T20:26:55.152Z'
System info: host: 'VIDYA-PC', ip: '192.168.1.74', os.name: 'Windows 7', os.arch: 'amd64', os.version: '6.1', java.version: '1.8.0_161'
Driver info: org.openqa.selenium.chrome.ChromeDriver
Capabilities {acceptInsecureCerts: false, acceptSslCerts: false, applicationCacheEnabled: false, browserConnectionEnabled: false, browserName: chrome, chrome: {chromedriverVersion: 2.45.615291 (ec3682e3c9061c..., userDataDir: C:\Users\vidya\AppData\Loca...}, cssSelectorsEnabled: true, databaseEnabled: false, goog:chromeOptions: {debuggerAddress: localhost:23441}, handlesAlerts: true, hasTouchScreen: false, javascriptEnabled: true, locationContextEnabled: true, mobileEmulationEnabled: false, nativeEvents: true, networkConnectionEnabled: false, pageLoadStrategy: normal, platform: XP, platformName: XP, proxy: Proxy(), rotatable: false, setWindowRect: true, strictFileInteractability: false, takesHeapSnapshot: true, takesScreenshot: true, timeouts: {implicit: 0, pageLoad: 300000, script: 30000}, unexpectedAlertBehaviour: ignore, unhandledPromptBehavior: ignore, version: 71.0.3578.98, webStorageEnabled: true}
Session ID: 7394339d941e817038aa4cd8423b5e55
*** Element info: {Using=id, value=loginradius-updatePhone-phoneNo2FA}
at org.openqa.selenium.remote.ErrorHandler.createThrowable(ErrorHandler.java:214)
at org.openqa.selenium.remote.ErrorHandler.throwIfResponseFailed(ErrorHandler.java:166)
at org.openqa.selenium.remote.http.JsonHttpResponseCodec.reconstructValue(JsonHttpResponseCodec.java:40)
at org.openqa.selenium.remote.http.AbstractHttpResponseCodec.decode(AbstractHttpResponseCodec.java:80)
at org.openqa.selenium.remote.http.AbstractHttpResponseCodec.decode(AbstractHttpResponseCodec.java:44)
at org.openqa.selenium.remote.HttpCommandExecutor.execute(HttpCommandExecutor.java:158)
at org.openqa.selenium.remote.service.DriverCommandExecutor.execute(DriverCommandExecutor.java:83)
at org.openqa.selenium.remote.RemoteWebDriver.execute(RemoteWebDriver.java:545)
at org.openqa.selenium.remote.RemoteWebDriver.findElement(RemoteWebDriver.java:319)
at org.openqa.selenium.remote.RemoteWebDriver.findElementById(RemoteWebDriver.java:365)
at org.openqa.selenium.By$ById.findElement(By.java:218)
at org.openqa.selenium.remote.RemoteWebDriver.findElement(RemoteWebDriver.java:311)
at org.openqa.selenium.support.pagefactory.DefaultElementLocator.findElement(DefaultElementLocator.java:69)
at org.openqa.selenium.support.pagefactory.internal.LocatingElementHandler.invoke(LocatingElementHandler.java:38)
at com.sun.proxy.$Proxy9.isDisplayed(Unknown Source)
at org.openqa.selenium.support.ui.ExpectedConditions.elementIfVisible(ExpectedConditions.java:315)
at org.openqa.selenium.support.ui.ExpectedConditions.access$100(ExpectedConditions.java:44)
at org.openqa.selenium.support.ui.ExpectedConditions$10.apply(ExpectedConditions.java:301)
at org.openqa.selenium.support.ui.ExpectedConditions$10.apply(ExpectedConditions.java:298)
at org.openqa.selenium.support.ui.FluentWait.until(FluentWait.java:248)
... 27 more
... Removed 28 stack frames]]>
    </failure>
  </testcase> <!-- simple_Login_With_BothValid_Credential -->
  <testcase name="simple_Login_WithBoth_Invalid_Credentials" time="6.926" classname="org.loginradius.com.classes.tests.SimpleLogin">
    <failure type="java.lang.AssertionError" message="expected [The provided email ID is invalid or not well-formatted, a valid email ID is required in order to process this request.] but found [The user&amp;apos;s account does not exist, please use a valid user or create the user before processing this request.]">
      <![CDATA[java.lang.AssertionError: expected [The provided email ID is invalid or not well-formatted, a valid email ID is required in order to process this request.] but found [The user's account does not exist, please use a valid user or create the user before processing this request.]
at org.loginradius.com.classes.tests.SimpleLogin.simple_Login_WithBoth_Invalid_Credentials(SimpleLogin.java:66)
... Removed 31 stack frames]]>
    </failure>
  </testcase> <!-- simple_Login_WithBoth_Invalid_Credentials -->
  <testcase name="simple_Login_withInvalid_EmailId_And_Correct_Password" time="4.775" classname="org.loginradius.com.classes.tests.SimpleLogin"/>
  <testcase name="simple_Login_withValid_EmailId_And_Invalid_Password" time="2.512" classname="org.loginradius.com.classes.tests.SimpleLogin"/>
  <testcase name="simple_Login_withBlank_EmailId_And_valid_Password" time="3.25" classname="org.loginradius.com.classes.tests.SimpleLogin"/>
  <testcase name="simple_Login_withValid_EmailId_And_blank_Password" time="3.27" classname="org.loginradius.com.classes.tests.SimpleLogin"/>
  <testcase name="simple_Login_withBlank_EmailId_And_blank_Password" time="3.475" classname="org.loginradius.com.classes.tests.SimpleLogin"/>
</testsuite> <!-- Simple user login -->
